<?xml version="1.0" encoding="UTF-8"?>
<testsuite xmlns:xsi="http://www.w3.org/2001/XMLSchema-instance" xsi:noNamespaceSchemaLocation="https://maven.apache.org/surefire/maven-surefire-plugin/xsd/surefire-test-report-3.0.xsd" version="3.0" name="com.example.servingwebcontent.ServingWebContentApplicationTest" time="4.911" tests="3" errors="0" skipped="0" failures="0">
  <properties>
[...]
</properties>
  <testcase name="homePage" classname="com.example.servingwebcontent.ServingWebContentApplicationTest" time="1.424">
    <system-out><![CDATA[13:38:19.284 [main] INFO org.springframework.test.context.support.AnnotationConfigContextLoaderUtils -- Could not detect default configuration classes for test class [com.example.servingwebcontent.ServingWebContentApplicationTest]: ServingWebContentApplicationTest does not declare any static, non-private, non-final, nested classes annotated with @Configuration.
13:38:19.605 [main] INFO org.springframework.boot.test.context.SpringBootTestContextBootstrapper -- Found @SpringBootConfiguration com.example.servingwebcontent.ServingWebContentApplication for test class com.example.servingwebcontent.ServingWebContentApplicationTest
13:38:19.697 [main] INFO org.springframework.boot.devtools.restart.RestartApplicationListener -- Restart disabled due to context in which it is running
  .   ____          _            __ _ _
 /\\ / ___'_ __ _ _(_)_ __  __ _ \ \ \ \
( ( )\___ | '_ | '_| | '_ \/ _` | \ \ \ \
 \\/  ___)| |_)| | | | | || (_| |  ) ) ) )
  '  |____| .__|_| |_|_| |_\__, | / / / /
 =========|_|==============|___/=/_/_/_/

 :: Spring Boot ::                (v3.3.0)

2025-09-28T13:38:20.143+07:00  INFO 35528 --- [           main] c.e.s.ServingWebContentApplicationTest   : Starting ServingWebContentApplicationTest using Java 17.0.16 with PID 35528 (started by duong in D:\springBoot-main\springBoot-main\gs-serving-web-content-main\complete)
2025-09-28T13:38:20.145+07:00  INFO 35528 --- [           main] c.e.s.ServingWebContentApplicationTest   : No active profile set, falling back to 1 default profile: "default"
2025-09-28T13:38:21.704+07:00  INFO 35528 --- [           main] o.s.b.a.w.s.WelcomePageHandlerMapping    : Adding welcome page: class path resource [static/index.html]
2025-09-28T13:38:22.190+07:00  INFO 35528 --- [           main] o.s.b.t.m.w.SpringBootMockServletContext : Initializing Spring TestDispatcherServlet ''
2025-09-28T13:38:22.190+07:00  INFO 35528 --- [           main] o.s.t.web.servlet.TestDispatcherServlet  : Initializing Servlet ''
2025-09-28T13:38:22.194+07:00  INFO 35528 --- [           main] o.s.t.web.servlet.TestDispatcherServlet  : Completed initialization in 2 ms
2025-09-28T13:38:22.226+07:00  INFO 35528 --- [           main] c.e.s.ServingWebContentApplicationTest   : Started ServingWebContentApplicationTest in 2.543 seconds (process running for 3.909)
]]></system-out>
  </testcase>
  <testcase name="greetingWithUser" classname="com.example.servingwebcontent.ServingWebContentApplicationTest" time="0.316"/>
  <testcase name="greeting" classname="com.example.servingwebcontent.ServingWebContentApplicationTest" time="0.004"/>
</testsuite>