# JRE version: OpenJDK Runtime Environment Temurin-21.0.8+9 (21.0.8+9) (build 21.0.8+9-LTS)
# Java VM: OpenJDK 64-Bit Server VM Temurin-21.0.8+9 (21.0.8+9-LTS, mixed mode, sharing, tiered, compressed oops, compressed class ptrs, parallel gc, windows-amd64)
GC Precious Log:
 CardTable entry size: 512
 CPUs: 12 total, 12 available
 Memory: 7528M
 Large Page Support: Disabled
 NUMA Support: Disabled
 Compressed Oops: Enabled (32-bit)
 Alignments: Space 512K, Generation 512K, Heap 2M
 Heap Min Capacity: 100M
 Heap Initial Capacity: 100M
 Heap Max Capacity: 2G
 Pre-touch: Disabled
 Parallel Workers: 10
Heap:
 PSYoungGen      total 14848K, used 8006K [0x00000000d5580000, 0x00000000d6600000, 0x0000000100000000)
  eden space 14336K, 52% used [0x00000000d5580000,0x00000000d5cd1bc0,0x00000000d6380000)
  from space 512K, 100% used [0x00000000d6380000,0x00000000d6400000,0x00000000d6400000)
  to   space 1024K, 0% used [0x00000000d6500000,0x00000000d6500000,0x00000000d6600000)
 ParOldGen       total 176640K, used 176308K [0x0000000080000000, 0x000000008ac80000, 0x00000000d5580000)
  object space 176640K, 99% used [0x0000000080000000,0x000000008ac2d2a0,0x000000008ac80000)
 Metaspace       used 74179K, committed 75840K, reserved 1179648K
  class space    used 7966K, committed 8704K, reserved 1048576K
GC Heap History (20 events):
Event: 48.001 GC heap before
{Heap before GC invocations=103 (full 3):
 PSYoungGen      total 16384K, used 15918K [0x00000000d5580000, 0x00000000d6680000, 0x0000000100000000)
  eden space 15360K, 100% used [0x00000000d5580000,0x00000000d6480000,0x00000000d6480000)
  from space 1024K, 54% used [0x00000000d6480000,0x00000000d650b830,0x00000000d6580000)
  to   space 1024K, 0% used [0x00000000d6580000,0x00000000d6580000,0x00000000d6680000)
 ParOldGen       total 173056K, used 172879K [0x0000000080000000, 0x000000008a900000, 0x00000000d5580000)
  object space 173056K, 99% used [0x0000000080000000,0x000000008a8d3d68,0x000000008a900000)
 Metaspace       used 69828K, committed 71424K, reserved 1114112K
  class space    used 7419K, committed 8064K, reserved 1048576K
}
Event: 48.001 GC heap after
{Heap after GC invocations=103 (full 3):
 PSYoungGen      total 15872K, used 433K [0x00000000d5580000, 0x00000000d6600000, 0x0000000100000000)
  eden space 15360K, 0% used [0x00000000d5580000,0x00000000d5580000,0x00000000d6480000)
  from space 512K, 84% used [0x00000000d6580000,0x00000000d65ec5d0,0x00000000d6600000)
  to   space 512K, 0% used [0x00000000d6500000,0x00000000d6500000,0x00000000d6580000)
 ParOldGen       total 173056K, used 172951K [0x0000000080000000, 0x000000008a900000, 0x00000000d5580000)
  object space 173056K, 99% used [0x0000000080000000,0x000000008a8e5d68,0x000000008a900000)
 Metaspace       used 69828K, committed 71424K, reserved 1114112K
  class space    used 7419K, committed 8064K, reserved 1048576K
}
Event: 48.127 GC heap before
{Heap before GC invocations=104 (full 3):
 PSYoungGen      total 15872K, used 15793K [0x00000000d5580000, 0x00000000d6600000, 0x0000000100000000)
  eden space 15360K, 100% used [0x00000000d5580000,0x00000000d6480000,0x00000000d6480000)
  from space 512K, 84% used [0x00000000d6580000,0x00000000d65ec5d0,0x00000000d6600000)
  to   space 512K, 0% used [0x00000000d6500000,0x00000000d6500000,0x00000000d6580000)
 ParOldGen       total 173056K, used 172951K [0x0000000080000000, 0x000000008a900000, 0x00000000d5580000)
  object space 173056K, 99% used [0x0000000080000000,0x000000008a8e5d68,0x000000008a900000)
 Metaspace       used 71304K, committed 72832K, reserved 1114112K
  class space    used 7689K, committed 8320K, reserved 1048576K
}
Event: 48.128 GC heap after
{Heap after GC invocations=104 (full 3):
 PSYoungGen      total 15872K, used 432K [0x00000000d5580000, 0x00000000d6600000, 0x0000000100000000)
  eden space 15360K, 0% used [0x00000000d5580000,0x00000000d5580000,0x00000000d6480000)
  from space 512K, 84% used [0x00000000d6500000,0x00000000d656c010,0x00000000d6580000)
  to   space 512K, 0% used [0x00000000d6580000,0x00000000d6580000,0x00000000d6600000)
 ParOldGen       total 173568K, used 173256K [0x0000000080000000, 0x000000008a980000, 0x00000000d5580000)
  object space 173568K, 99% used [0x0000000080000000,0x000000008a932338,0x000000008a980000)
 Metaspace       used 71304K, committed 72832K, reserved 1114112K
  class space    used 7689K, committed 8320K, reserved 1048576K
}
Event: 48.276 GC heap before
{Heap before GC invocations=105 (full 3):
 PSYoungGen      total 15872K, used 15792K [0x00000000d5580000, 0x00000000d6600000, 0x0000000100000000)
  eden space 15360K, 100% used [0x00000000d5580000,0x00000000d6480000,0x00000000d6480000)
  from space 512K, 84% used [0x00000000d6500000,0x00000000d656c010,0x00000000d6580000)
  to   space 512K, 0% used [0x00000000d6580000,0x00000000d6580000,0x00000000d6600000)
 ParOldGen       total 173568K, used 173256K [0x0000000080000000, 0x000000008a980000, 0x00000000d5580000)
  object space 173568K, 99% used [0x0000000080000000,0x000000008a932338,0x000000008a980000)
 Metaspace       used 71620K, committed 73216K, reserved 1179648K
  class space    used 7734K, committed 8384K, reserved 1048576K
}
Event: 48.277 GC heap after
{Heap after GC invocations=105 (full 3):
 PSYoungGen      total 15872K, used 512K [0x00000000d5580000, 0x00000000d6680000, 0x0000000100000000)
  eden space 15360K, 0% used [0x00000000d5580000,0x00000000d5580000,0x00000000d6480000)
  from space 512K, 100% used [0x00000000d6580000,0x00000000d6600000,0x00000000d6600000)
  to   space 1024K, 0% used [0x00000000d6480000,0x00000000d6480000,0x00000000d6580000)
 ParOldGen       total 174080K, used 173894K [0x0000000080000000, 0x000000008aa00000, 0x00000000d5580000)
  object space 174080K, 99% used [0x0000000080000000,0x000000008a9d1860,0x000000008aa00000)
 Metaspace       used 71620K, committed 73216K, reserved 1179648K
  class space    used 7734K, committed 8384K, reserved 1048576K
}
Event: 48.521 GC heap before
{Heap before GC invocations=106 (full 3):
 PSYoungGen      total 15872K, used 15872K [0x00000000d5580000, 0x00000000d6680000, 0x0000000100000000)
  eden space 15360K, 100% used [0x00000000d5580000,0x00000000d6480000,0x00000000d6480000)
  from space 512K, 100% used [0x00000000d6580000,0x00000000d6600000,0x00000000d6600000)
  to   space 1024K, 0% used [0x00000000d6480000,0x00000000d6480000,0x00000000d6580000)
 ParOldGen       total 174080K, used 173894K [0x0000000080000000, 0x000000008aa00000, 0x00000000d5580000)
  object space 174080K, 99% used [0x0000000080000000,0x000000008a9d1860,0x000000008aa00000)
 Metaspace       used 71620K, committed 73216K, reserved 1179648K
  class space    used 7734K, committed 8384K, reserved 1048576K
}
Event: 48.522 GC heap after
{Heap after GC invocations=106 (full 3):
 PSYoungGen      total 16384K, used 319K [0x00000000d5580000, 0x00000000d6600000, 0x0000000100000000)
  eden space 15360K, 0% used [0x00000000d5580000,0x00000000d5580000,0x00000000d6480000)
  from space 1024K, 31% used [0x00000000d6480000,0x00000000d64cffd0,0x00000000d6580000)
  to   space 512K, 0% used [0x00000000d6580000,0x00000000d6580000,0x00000000d6600000)
 ParOldGen       total 174592K, used 174094K [0x0000000080000000, 0x000000008aa80000, 0x00000000d5580000)
  object space 174592K, 99% used [0x0000000080000000,0x000000008aa03870,0x000000008aa80000)
 Metaspace       used 71620K, committed 73216K, reserved 1179648K
  class space    used 7734K, committed 8384K, reserved 1048576K
}
Event: 48.706 GC heap before
{Heap before GC invocations=107 (full 3):
 PSYoungGen      total 16384K, used 15679K [0x00000000d5580000, 0x00000000d6600000, 0x0000000100000000)
  eden space 15360K, 100% used [0x00000000d5580000,0x00000000d6480000,0x00000000d6480000)
  from space 1024K, 31% used [0x00000000d6480000,0x00000000d64cffd0,0x00000000d6580000)
  to   space 512K, 0% used [0x00000000d6580000,0x00000000d6580000,0x00000000d6600000)
 ParOldGen       total 174592K, used 174094K [0x0000000080000000, 0x000000008aa80000, 0x00000000d5580000)
  object space 174592K, 99% used [0x0000000080000000,0x000000008aa03870,0x000000008aa80000)
 Metaspace       used 71622K, committed 73216K, reserved 1179648K
  class space    used 7734K, committed 8384K, reserved 1048576K
}
Event: 48.707 GC heap after
{Heap after GC invocations=107 (full 3):
 PSYoungGen      total 15872K, used 507K [0x00000000d5580000, 0x00000000d6680000, 0x0000000100000000)
  eden space 15360K, 0% used [0x00000000d5580000,0x00000000d5580000,0x00000000d6480000)
  from space 512K, 99% used [0x00000000d6580000,0x00000000d65fefb0,0x00000000d6600000)
  to   space 1024K, 0% used [0x00000000d6480000,0x00000000d6480000,0x00000000d6580000)
 ParOldGen       total 174592K, used 174158K [0x0000000080000000, 0x000000008aa80000, 0x00000000d5580000)
  object space 174592K, 99% used [0x0000000080000000,0x000000008aa13870,0x000000008aa80000)
 Metaspace       used 71622K, committed 73216K, reserved 1179648K
  class space    used 7734K, committed 8384K, reserved 1048576K
}
Event: 48.733 GC heap before
{Heap before GC invocations=108 (full 3):
 PSYoungGen      total 15872K, used 15867K [0x00000000d5580000, 0x00000000d6680000, 0x0000000100000000)
  eden space 15360K, 100% used [0x00000000d5580000,0x00000000d6480000,0x00000000d6480000)
  from space 512K, 99% used [0x00000000d6580000,0x00000000d65fefb0,0x00000000d6600000)
  to   space 1024K, 0% used [0x00000000d6480000,0x00000000d6480000,0x00000000d6580000)
 ParOldGen       total 174592K, used 174158K [0x0000000080000000, 0x000000008aa80000, 0x00000000d5580000)
  object space 174592K, 99% used [0x0000000080000000,0x000000008aa13870,0x000000008aa80000)
 Metaspace       used 71622K, committed 73216K, reserved 1179648K
  class space    used 7734K, committed 8384K, reserved 1048576K
}
Event: 48.734 GC heap after
{Heap after GC invocations=108 (full 3):
 PSYoungGen      total 16384K, used 701K [0x00000000d5580000, 0x00000000d6680000, 0x0000000100000000)
  eden space 15360K, 0% used [0x00000000d5580000,0x00000000d5580000,0x00000000d6480000)
  from space 1024K, 68% used [0x00000000d6480000,0x00000000d652f4f8,0x00000000d6580000)
  to   space 1024K, 0% used [0x00000000d6580000,0x00000000d6580000,0x00000000d6680000)
 ParOldGen       total 174592K, used 174359K [0x0000000080000000, 0x000000008aa80000, 0x00000000d5580000)
  object space 174592K, 99% used [0x0000000080000000,0x000000008aa45c70,0x000000008aa80000)
 Metaspace       used 71622K, committed 73216K, reserved 1179648K
  class space    used 7734K, committed 8384K, reserved 1048576K
}
Event: 48.767 GC heap before
{Heap before GC invocations=109 (full 3):
 PSYoungGen      total 16384K, used 16061K [0x00000000d5580000, 0x00000000d6680000, 0x0000000100000000)
  eden space 15360K, 100% used [0x00000000d5580000,0x00000000d6480000,0x00000000d6480000)
  from space 1024K, 68% used [0x00000000d6480000,0x00000000d652f4f8,0x00000000d6580000)
  to   space 1024K, 0% used [0x00000000d6580000,0x00000000d6580000,0x00000000d6680000)
 ParOldGen       total 174592K, used 174359K [0x0000000080000000, 0x000000008aa80000, 0x00000000d5580000)
  object space 174592K, 99% used [0x0000000080000000,0x000000008aa45c70,0x000000008aa80000)
 Metaspace       used 71628K, committed 73216K, reserved 1179648K
  class space    used 7734K, committed 8384K, reserved 1048576K
}
Event: 48.768 GC heap after
{Heap after GC invocations=109 (full 3):
 PSYoungGen      total 15872K, used 320K [0x00000000d5580000, 0x00000000d6600000, 0x0000000100000000)
  eden space 15360K, 0% used [0x00000000d5580000,0x00000000d5580000,0x00000000d6480000)
  from space 512K, 62% used [0x00000000d6580000,0x00000000d65d0000,0x00000000d6600000)
  to   space 512K, 0% used [0x00000000d6500000,0x00000000d6500000,0x00000000d6580000)
 ParOldGen       total 174592K, used 174431K [0x0000000080000000, 0x000000008aa80000, 0x00000000d5580000)
  object space 174592K, 99% used [0x0000000080000000,0x000000008aa57c70,0x000000008aa80000)
 Metaspace       used 71628K, committed 73216K, reserved 1179648K
  class space    used 7734K, committed 8384K, reserved 1048576K
}
Event: 68.131 GC heap before
{Heap before GC invocations=110 (full 3):
 PSYoungGen      total 15872K, used 15680K [0x00000000d5580000, 0x00000000d6600000, 0x0000000100000000)
  eden space 15360K, 100% used [0x00000000d5580000,0x00000000d6480000,0x00000000d6480000)
  from space 512K, 62% used [0x00000000d6580000,0x00000000d65d0000,0x00000000d6600000)
  to   space 512K, 0% used [0x00000000d6500000,0x00000000d6500000,0x00000000d6580000)
 ParOldGen       total 174592K, used 174431K [0x0000000080000000, 0x000000008aa80000, 0x00000000d5580000)
  object space 174592K, 99% used [0x0000000080000000,0x000000008aa57c70,0x000000008aa80000)
 Metaspace       used 72535K, committed 74176K, reserved 1179648K
  class space    used 7831K, committed 8512K, reserved 1048576K
}
Event: 68.132 GC heap after
{Heap after GC invocations=110 (full 3):
 PSYoungGen      total 15872K, used 500K [0x00000000d5580000, 0x00000000d6680000, 0x0000000100000000)
  eden space 15360K, 0% used [0x00000000d5580000,0x00000000d5580000,0x00000000d6480000)
  from space 512K, 97% used [0x00000000d6500000,0x00000000d657d200,0x00000000d6580000)
  to   space 1024K, 0% used [0x00000000d6580000,0x00000000d6580000,0x00000000d6680000)
 ParOldGen       total 175104K, used 174759K [0x0000000080000000, 0x000000008ab00000, 0x00000000d5580000)
  object space 175104K, 99% used [0x0000000080000000,0x000000008aaa9c80,0x000000008ab00000)
 Metaspace       used 72535K, committed 74176K, reserved 1179648K
  class space    used 7831K, committed 8512K, reserved 1048576K
}
Event: 68.352 GC heap before
{Heap before GC invocations=111 (full 3):
 PSYoungGen      total 15872K, used 15860K [0x00000000d5580000, 0x00000000d6680000, 0x0000000100000000)
  eden space 15360K, 100% used [0x00000000d5580000,0x00000000d6480000,0x00000000d6480000)
  from space 512K, 97% used [0x00000000d6500000,0x00000000d657d200,0x00000000d6580000)
  to   space 1024K, 0% used [0x00000000d6580000,0x00000000d6580000,0x00000000d6680000)
 ParOldGen       total 175104K, used 174759K [0x0000000080000000, 0x000000008ab00000, 0x00000000d5580000)
  object space 175104K, 99% used [0x0000000080000000,0x000000008aaa9c80,0x000000008ab00000)
 Metaspace       used 73465K, committed 75072K, reserved 1179648K
  class space    used 7896K, committed 8576K, reserved 1048576K
}
Event: 68.355 GC heap after
{Heap after GC invocations=111 (full 3):
 PSYoungGen      total 15360K, used 1024K [0x00000000d5580000, 0x00000000d6880000, 0x0000000100000000)
  eden space 14336K, 0% used [0x00000000d5580000,0x00000000d5580000,0x00000000d6380000)
  from space 1024K, 100% used [0x00000000d6580000,0x00000000d6680000,0x00000000d6680000)
  to   space 2048K, 0% used [0x00000000d6380000,0x00000000d6380000,0x00000000d6580000)
 ParOldGen       total 175616K, used 175319K [0x0000000080000000, 0x000000008ab80000, 0x00000000d5580000)
  object space 175616K, 99% used [0x0000000080000000,0x000000008ab35ed8,0x000000008ab80000)
 Metaspace       used 73465K, committed 75072K, reserved 1179648K
  class space    used 7896K, committed 8576K, reserved 1048576K
}
Event: 69.615 GC heap before
{Heap before GC invocations=112 (full 3):
 PSYoungGen      total 15360K, used 15360K [0x00000000d5580000, 0x00000000d6880000, 0x0000000100000000)
  eden space 14336K, 100% used [0x00000000d5580000,0x00000000d6380000,0x00000000d6380000)
  from space 1024K, 100% used [0x00000000d6580000,0x00000000d6680000,0x00000000d6680000)
  to   space 2048K, 0% used [0x00000000d6380000,0x00000000d6380000,0x00000000d6580000)
 ParOldGen       total 175616K, used 175319K [0x0000000080000000, 0x000000008ab80000, 0x00000000d5580000)
  object space 175616K, 99% used [0x0000000080000000,0x000000008ab35ed8,0x000000008ab80000)
 Metaspace       used 74124K, committed 75776K, reserved 1179648K
  class space    used 7964K, committed 8640K, reserved 1048576K
}
Event: 69.617 GC heap after
{Heap after GC invocations=112 (full 3):
 PSYoungGen      total 14848K, used 512K [0x00000000d5580000, 0x00000000d6600000, 0x0000000100000000)
  eden space 14336K, 0% used [0x00000000d5580000,0x00000000d5580000,0x00000000d6380000)
  from space 512K, 100% used [0x00000000d6380000,0x00000000d6400000,0x00000000d6400000)
  to   space 1024K, 0% used [0x00000000d6500000,0x00000000d6500000,0x00000000d6600000)
 ParOldGen       total 176640K, used 176308K [0x0000000080000000, 0x000000008ac80000, 0x00000000d5580000)
  object space 176640K, 99% used [0x0000000080000000,0x000000008ac2d2a0,0x000000008ac80000)
 Metaspace       used 74124K, committed 75776K, reserved 1179648K
  class space    used 7964K, committed 8640K, reserved 1048576K
}

