# JRE version: OpenJDK Runtime Environment Temurin-17.0.16+8 (17.0.16+8) (build 17.0.16+8)
# Java VM: OpenJDK 64-Bit Server VM Temurin-17.0.16+8 (17.0.16+8, mixed mode, sharing, tiered, compressed oops, compressed class ptrs, g1 gc, windows-amd64)
GC Precious Log:
 CPUs: 12 total, 12 available
 Memory: 7528M
 Large Page Support: Disabled
 NUMA Support: Disabled
 Compressed Oops: Enabled (32-bit)
 Heap Region Size: 1M
 Heap Min Capacity: 8M
 Heap Initial Capacity: 118M
 Heap Max Capacity: 1884M
 Pre-touch: Disabled
 Parallel Workers: 10
 Concurrent Workers: 3
 Concurrent Refinement Workers: 10
 Periodic GC: Disabled
Heap:
 garbage-first heap   total 61440K, used 32248K [0x000000008a400000, 0x0000000100000000)
  region size 1024K, 17 young (17408K), 3 survivors (3072K)
 Metaspace       used 37913K, committed 38336K, reserved 1114112K
  class space    used 4773K, committed 4992K, reserved 1048576K
GC Heap History (20 events):
Event: 9.435 GC heap before
{Heap before GC invocations=6 (full 0):
 garbage-first heap   total 55296K, used 39095K [0x000000008a400000, 0x0000000100000000)
  region size 1024K, 23 young (23552K), 3 survivors (3072K)
 Metaspace       used 33390K, committed 33920K, reserved 1114112K
  class space    used 4311K, committed 4544K, reserved 1048576K
}
Event: 9.442 GC heap after
{Heap after GC invocations=7 (full 0):
 garbage-first heap   total 66560K, used 20348K [0x000000008a400000, 0x0000000100000000)
  region size 1024K, 2 young (2048K), 2 survivors (2048K)
 Metaspace       used 33390K, committed 33920K, reserved 1114112K
  class space    used 4311K, committed 4544K, reserved 1048576K
}
Event: 9.816 GC heap before
{Heap before GC invocations=7 (full 0):
 garbage-first heap   total 66560K, used 30588K [0x000000008a400000, 0x0000000100000000)
  region size 1024K, 13 young (13312K), 2 survivors (2048K)
 Metaspace       used 35526K, committed 35968K, reserved 1114112K
  class space    used 4624K, committed 4864K, reserved 1048576K
}
Event: 9.822 GC heap after
{Heap after GC invocations=8 (full 0):
 garbage-first heap   total 66560K, used 22014K [0x000000008a400000, 0x0000000100000000)
  region size 1024K, 4 young (4096K), 4 survivors (4096K)
 Metaspace       used 35526K, committed 35968K, reserved 1114112K
  class space    used 4624K, committed 4864K, reserved 1048576K
}
Event: 377.232 GC heap before
{Heap before GC invocations=9 (full 0):
 garbage-first heap   total 66560K, used 48638K [0x000000008a400000, 0x0000000100000000)
  region size 1024K, 30 young (30720K), 4 survivors (4096K)
 Metaspace       used 36482K, committed 36992K, reserved 1114112K
  class space    used 4726K, committed 4992K, reserved 1048576K
}
Event: 377.239 GC heap after
{Heap after GC invocations=10 (full 0):
 garbage-first heap   total 66560K, used 21985K [0x000000008a400000, 0x0000000100000000)
  region size 1024K, 2 young (2048K), 2 survivors (2048K)
 Metaspace       used 36482K, committed 36992K, reserved 1114112K
  class space    used 4726K, committed 4992K, reserved 1048576K
}
Event: 2463.332 GC heap before
{Heap before GC invocations=10 (full 0):
 garbage-first heap   total 66560K, used 49633K [0x000000008a400000, 0x0000000100000000)
  region size 1024K, 29 young (29696K), 2 survivors (2048K)
 Metaspace       used 36536K, committed 37056K, reserved 1114112K
  class space    used 4733K, committed 4992K, reserved 1048576K
}
Event: 2463.338 GC heap after
{Heap after GC invocations=11 (full 0):
 garbage-first heap   total 66560K, used 22205K [0x000000008a400000, 0x0000000100000000)
  region size 1024K, 3 young (3072K), 3 survivors (3072K)
 Metaspace       used 36536K, committed 37056K, reserved 1114112K
  class space    used 4733K, committed 4992K, reserved 1048576K
}
Event: 2463.674 GC heap before
{Heap before GC invocations=11 (full 0):
 garbage-first heap   total 66560K, used 24253K [0x000000008a400000, 0x0000000100000000)
  region size 1024K, 6 young (6144K), 3 survivors (3072K)
 Metaspace       used 36755K, committed 37184K, reserved 1114112K
  class space    used 4766K, committed 4992K, reserved 1048576K
}
Event: 2463.800 GC heap after
{Heap after GC invocations=12 (full 1):
 garbage-first heap   total 61440K, used 16636K [0x000000008a400000, 0x0000000100000000)
  region size 1024K, 0 young (0K), 0 survivors (0K)
 Metaspace       used 36509K, committed 37184K, reserved 1114112K
  class space    used 4710K, committed 4992K, reserved 1048576K
}
Event: 2464.288 GC heap before
{Heap before GC invocations=12 (full 1):
 garbage-first heap   total 61440K, used 46332K [0x000000008a400000, 0x0000000100000000)
  region size 1024K, 29 young (29696K), 0 survivors (0K)
 Metaspace       used 36910K, committed 37376K, reserved 1114112K
  class space    used 4726K, committed 4992K, reserved 1048576K
}
Event: 2464.299 GC heap after
{Heap after GC invocations=13 (full 1):
 garbage-first heap   total 61440K, used 19980K [0x000000008a400000, 0x0000000100000000)
  region size 1024K, 4 young (4096K), 4 survivors (4096K)
 Metaspace       used 36910K, committed 37376K, reserved 1114112K
  class space    used 4726K, committed 4992K, reserved 1048576K
}
Event: 2514.054 GC heap before
{Heap before GC invocations=13 (full 1):
 garbage-first heap   total 61440K, used 37388K [0x000000008a400000, 0x0000000100000000)
  region size 1024K, 22 young (22528K), 4 survivors (4096K)
 Metaspace       used 37166K, committed 37632K, reserved 1114112K
  class space    used 4731K, committed 4992K, reserved 1048576K
}
Event: 2514.096 GC heap after
{Heap after GC invocations=14 (full 2):
 garbage-first heap   total 61440K, used 17159K [0x000000008a400000, 0x0000000100000000)
  region size 1024K, 0 young (0K), 0 survivors (0K)
 Metaspace       used 37166K, committed 37632K, reserved 1114112K
  class space    used 4731K, committed 4992K, reserved 1048576K
}
Event: 2514.522 GC heap before
{Heap before GC invocations=14 (full 2):
 garbage-first heap   total 61440K, used 45831K [0x000000008a400000, 0x0000000100000000)
  region size 1024K, 28 young (28672K), 0 survivors (0K)
 Metaspace       used 37332K, committed 37824K, reserved 1114112K
  class space    used 4735K, committed 4992K, reserved 1048576K
}
Event: 2514.528 GC heap after
{Heap after GC invocations=15 (full 2):
 garbage-first heap   total 61440K, used 19709K [0x000000008a400000, 0x0000000100000000)
  region size 1024K, 3 young (3072K), 3 survivors (3072K)
 Metaspace       used 37332K, committed 37824K, reserved 1114112K
  class space    used 4735K, committed 4992K, reserved 1048576K
}
Event: 2518.149 GC heap before
{Heap before GC invocations=15 (full 2):
 garbage-first heap   total 61440K, used 29949K [0x000000008a400000, 0x0000000100000000)
  region size 1024K, 14 young (14336K), 3 survivors (3072K)
 Metaspace       used 37575K, committed 38016K, reserved 1114112K
  class space    used 4756K, committed 4992K, reserved 1048576K
}
Event: 2518.191 GC heap after
{Heap after GC invocations=16 (full 3):
 garbage-first heap   total 61440K, used 17259K [0x000000008a400000, 0x0000000100000000)
  region size 1024K, 0 young (0K), 0 survivors (0K)
 Metaspace       used 37572K, committed 38016K, reserved 1114112K
  class space    used 4755K, committed 4992K, reserved 1048576K
}
Event: 2519.524 GC heap before
{Heap before GC invocations=16 (full 3):
 garbage-first heap   total 61440K, used 43883K [0x000000008a400000, 0x0000000100000000)
  region size 1024K, 27 young (27648K), 0 survivors (0K)
 Metaspace       used 37742K, committed 38208K, reserved 1114112K
  class space    used 4764K, committed 4992K, reserved 1048576K
}
Event: 2519.530 GC heap after
{Heap after GC invocations=17 (full 3):
 garbage-first heap   total 61440K, used 19960K [0x000000008a400000, 0x0000000100000000)
  region size 1024K, 3 young (3072K), 3 survivors (3072K)
 Metaspace       used 37742K, committed 38208K, reserved 1114112K
  class space    used 4764K, committed 4992K, reserved 1048576K
}

