# JRE version: OpenJDK Runtime Environment Temurin-17.0.16+8 (17.0.16+8) (build 17.0.16+8)
# Java VM: OpenJDK 64-Bit Server VM Temurin-17.0.16+8 (17.0.16+8, mixed mode, sharing, tiered, compressed oops, compressed class ptrs, g1 gc, windows-amd64)
GC Precious Log:
 CPUs: 12 total, 12 available
 Memory: 7528M
 Large Page Support: Disabled
 NUMA Support: Disabled
 Compressed Oops: Enabled (32-bit)
 Heap Region Size: 1M
 Heap Min Capacity: 8M
 Heap Initial Capacity: 118M
 Heap Max Capacity: 1884M
 Pre-touch: Disabled
 Parallel Workers: 10
 Concurrent Workers: 3
 Concurrent Refinement Workers: 10
 Periodic GC: Disabled
Heap:
 garbage-first heap   total 284672K, used 120348K [0x000000008a400000, 0x0000000100000000)
  region size 1024K, 68 young (69632K), 7 survivors (7168K)
 Metaspace       used 49736K, committed 50368K, reserved 1114112K
  class space    used 5763K, committed 6080K, reserved 1048576K
GC Heap History (20 events):
Event: 6.868 GC heap before
{Heap before GC invocations=23 (full 0):
 garbage-first heap   total 68608K, used 53156K [0x000000008a400000, 0x0000000100000000)
  region size 1024K, 13 young (13312K), 1 survivors (1024K)
 Metaspace       used 42237K, committed 42752K, reserved 1114112K
  class space    used 5079K, committed 5312K, reserved 1048576K
}
Event: 6.871 GC heap after
{Heap after GC invocations=24 (full 0):
 garbage-first heap   total 68608K, used 44302K [0x000000008a400000, 0x0000000100000000)
  region size 1024K, 2 young (2048K), 2 survivors (2048K)
 Metaspace       used 42237K, committed 42752K, reserved 1114112K
  class space    used 5079K, committed 5312K, reserved 1048576K
}
Event: 6.963 GC heap before
{Heap before GC invocations=25 (full 0):
 garbage-first heap   total 80896K, used 53518K [0x000000008a400000, 0x0000000100000000)
  region size 1024K, 11 young (11264K), 2 survivors (2048K)
 Metaspace       used 42413K, committed 42880K, reserved 1114112K
  class space    used 5104K, committed 5312K, reserved 1048576K
}
Event: 6.966 GC heap after
{Heap after GC invocations=26 (full 0):
 garbage-first heap   total 161792K, used 46387K [0x000000008a400000, 0x0000000100000000)
  region size 1024K, 2 young (2048K), 2 survivors (2048K)
 Metaspace       used 42413K, committed 42880K, reserved 1114112K
  class space    used 5104K, committed 5312K, reserved 1048576K
}
Event: 7.113 GC heap before
{Heap before GC invocations=26 (full 0):
 garbage-first heap   total 161792K, used 51507K [0x000000008a400000, 0x0000000100000000)
  region size 1024K, 7 young (7168K), 2 survivors (2048K)
 Metaspace       used 42586K, committed 43072K, reserved 1114112K
  class space    used 5127K, committed 5312K, reserved 1048576K
}
Event: 7.120 GC heap after
{Heap after GC invocations=27 (full 0):
 garbage-first heap   total 161792K, used 47001K [0x000000008a400000, 0x0000000100000000)
  region size 1024K, 1 young (1024K), 1 survivors (1024K)
 Metaspace       used 42586K, committed 43072K, reserved 1114112K
  class space    used 5127K, committed 5312K, reserved 1048576K
}
Event: 8.455 GC heap before
{Heap before GC invocations=27 (full 0):
 garbage-first heap   total 161792K, used 110489K [0x000000008a400000, 0x0000000100000000)
  region size 1024K, 63 young (64512K), 1 survivors (1024K)
 Metaspace       used 44909K, committed 45504K, reserved 1114112K
  class space    used 5353K, committed 5632K, reserved 1048576K
}
Event: 8.460 GC heap after
{Heap after GC invocations=28 (full 0):
 garbage-first heap   total 161792K, used 51421K [0x000000008a400000, 0x0000000100000000)
  region size 1024K, 5 young (5120K), 5 survivors (5120K)
 Metaspace       used 44909K, committed 45504K, reserved 1114112K
  class space    used 5353K, committed 5632K, reserved 1048576K
}
Event: 9.416 GC heap before
{Heap before GC invocations=28 (full 0):
 garbage-first heap   total 161792K, used 88285K [0x000000008a400000, 0x0000000100000000)
  region size 1024K, 42 young (43008K), 5 survivors (5120K)
 Metaspace       used 47009K, committed 47616K, reserved 1114112K
  class space    used 5594K, committed 5888K, reserved 1048576K
}
Event: 9.494 GC heap after
{Heap after GC invocations=29 (full 1):
 garbage-first heap   total 137216K, used 35964K [0x000000008a400000, 0x0000000100000000)
  region size 1024K, 0 young (0K), 0 survivors (0K)
 Metaspace       used 47009K, committed 47616K, reserved 1114112K
  class space    used 5594K, committed 5888K, reserved 1048576K
}
Event: 10.217 GC heap before
{Heap before GC invocations=29 (full 1):
 garbage-first heap   total 137216K, used 91260K [0x000000008a400000, 0x0000000100000000)
  region size 1024K, 54 young (55296K), 0 survivors (0K)
 Metaspace       used 47371K, committed 48000K, reserved 1114112K
  class space    used 5598K, committed 5888K, reserved 1048576K
}
Event: 10.225 GC heap after
{Heap after GC invocations=30 (full 1):
 garbage-first heap   total 137216K, used 43920K [0x000000008a400000, 0x0000000100000000)
  region size 1024K, 7 young (7168K), 7 survivors (7168K)
 Metaspace       used 47371K, committed 48000K, reserved 1114112K
  class space    used 5598K, committed 5888K, reserved 1048576K
}
Event: 10.528 GC heap before
{Heap before GC invocations=30 (full 1):
 garbage-first heap   total 137216K, used 97168K [0x000000008a400000, 0x0000000100000000)
  region size 1024K, 40 young (40960K), 7 survivors (7168K)
 Metaspace       used 47891K, committed 48448K, reserved 1114112K
  class space    used 5635K, committed 5888K, reserved 1048576K
}
Event: 10.536 GC heap after
{Heap after GC invocations=31 (full 1):
 garbage-first heap   total 137216K, used 67564K [0x000000008a400000, 0x0000000100000000)
  region size 1024K, 4 young (4096K), 4 survivors (4096K)
 Metaspace       used 47891K, committed 48448K, reserved 1114112K
  class space    used 5635K, committed 5888K, reserved 1048576K
}
Event: 11.340 GC heap before
{Heap before GC invocations=32 (full 1):
 garbage-first heap   total 142336K, used 113644K [0x000000008a400000, 0x0000000100000000)
  region size 1024K, 38 young (38912K), 4 survivors (4096K)
 Metaspace       used 47211K, committed 47872K, reserved 1114112K
  class space    used 5520K, committed 5888K, reserved 1048576K
}
Event: 11.348 GC heap after
{Heap after GC invocations=33 (full 1):
 garbage-first heap   total 142336K, used 52827K [0x000000008a400000, 0x0000000100000000)
  region size 1024K, 5 young (5120K), 5 survivors (5120K)
 Metaspace       used 47211K, committed 47872K, reserved 1114112K
  class space    used 5520K, committed 5888K, reserved 1048576K
}
Event: 11.365 GC heap before
{Heap before GC invocations=33 (full 1):
 garbage-first heap   total 142336K, used 53851K [0x000000008a400000, 0x0000000100000000)
  region size 1024K, 6 young (6144K), 5 survivors (5120K)
 Metaspace       used 47211K, committed 47872K, reserved 1114112K
  class space    used 5520K, committed 5888K, reserved 1048576K
}
Event: 11.372 GC heap after
{Heap after GC invocations=34 (full 1):
 garbage-first heap   total 142336K, used 46761K [0x000000008a400000, 0x0000000100000000)
  region size 1024K, 1 young (1024K), 1 survivors (1024K)
 Metaspace       used 47211K, committed 47872K, reserved 1114112K
  class space    used 5520K, committed 5888K, reserved 1048576K
}
Event: 12.531 GC heap before
{Heap before GC invocations=34 (full 1):
 garbage-first heap   total 142336K, used 103081K [0x000000008a400000, 0x0000000100000000)
  region size 1024K, 56 young (57344K), 1 survivors (1024K)
 Metaspace       used 48198K, committed 48768K, reserved 1114112K
  class space    used 5637K, committed 5888K, reserved 1048576K
}
Event: 12.543 GC heap after
{Heap after GC invocations=35 (full 1):
 garbage-first heap   total 284672K, used 57884K [0x000000008a400000, 0x0000000100000000)
  region size 1024K, 7 young (7168K), 7 survivors (7168K)
 Metaspace       used 48198K, committed 48768K, reserved 1114112K
  class space    used 5637K, committed 5888K, reserved 1048576K
}

